<?xml version="1.0" encoding="UTF-8"?>
<!-- Generated by org.testng.reporters.JUnitXMLReporter -->
<testsuite ignored="2" hostname="DESKTOP-4IE01BQ" failures="0" tests="3" name="Test Page Object Model" time="5.181" errors="0" timestamp="12 Jan 2023 20:50:55 GMT">
  <testcase classname="com.Guru.TestCases.TC_LoginTest_001" name="loginTest" time="1.174"/>
  <testcase classname="com.Guru.TestCases.TC_HomePageTest_002" name="homePage_LoginID_Validation_Test" time="0.108"/>
  <testcase classname="com.Guru.TestCases.TC_HomePageTest_002" name="homePage_Title_Validation_Test" time="0.04"/>
  <testcase classname="com.Guru.TestCases.BaseClass" name="@BeforeTest setup" time="0.0">
    <ignored/>
  </testcase> <!-- @BeforeTest setup -->
  <testcase classname="com.Guru.TestCases.BaseClass" name="@AfterTest teardown" time="0.0">
    <ignored/>
  </testcase> <!-- @AfterTest teardown -->
</testsuite> <!-- Test Page Object Model -->
