<?xml version="1.0" encoding="UTF-8"?>
<testng-results ignored="2" total="5" passed="3" failed="0" skipped="0">
  <reporter-output>
  </reporter-output>
  <suite started-at="2023-01-12T20:50:50Z" name="Suite" finished-at="2023-01-12T20:50:55Z" duration-ms="5181">
    <groups>
    </groups>
    <test started-at="2023-01-12T20:50:50Z" name="Test Page Object Model" finished-at="2023-01-12T20:50:55Z" duration-ms="5181">
      <class name="com.Guru.TestCases.TC_LoginTest_001">
        <test-method is-config="true" signature="setup()[pri:0, instance:com.Guru.TestCases.TC_LoginTest_001@2e55dd0c]" started-at="2023-01-12T20:50:50Z" name="setup" finished-at="2023-01-12T20:50:53Z" duration-ms="3702" status="PASS">
          <reporter-output>
          </reporter-output>
        </test-method> <!-- setup -->
        <test-method signature="loginTest()[pri:0, instance:com.Guru.TestCases.TC_LoginTest_001@2e55dd0c]" started-at="2023-01-12T20:50:53Z" name="loginTest" finished-at="2023-01-12T20:50:54Z" duration-ms="1174" status="PASS">
          <reporter-output>
          </reporter-output>
        </test-method> <!-- loginTest -->
        <test-method is-config="true" signature="teardown()[pri:0, instance:com.Guru.TestCases.TC_LoginTest_001@2e55dd0c]" started-at="2023-01-12T20:50:55Z" name="teardown" finished-at="2023-01-12T20:50:55Z" duration-ms="134" status="PASS">
          <reporter-output>
          </reporter-output>
        </test-method> <!-- teardown -->
      </class> <!-- com.Guru.TestCases.TC_LoginTest_001 -->
      <class name="com.Guru.TestCases.TC_HomePageTest_002">
        <test-method signature="homePage_LoginID_Validation_Test()[pri:0, instance:com.Guru.TestCases.TC_HomePageTest_002@74455848]" started-at="2023-01-12T20:50:54Z" name="homePage_LoginID_Validation_Test" finished-at="2023-01-12T20:50:55Z" duration-ms="108" status="PASS">
          <reporter-output>
          </reporter-output>
        </test-method> <!-- homePage_LoginID_Validation_Test -->
        <test-method signature="homePage_Title_Validation_Test()[pri:0, instance:com.Guru.TestCases.TC_HomePageTest_002@74455848]" started-at="2023-01-12T20:50:55Z" name="homePage_Title_Validation_Test" finished-at="2023-01-12T20:50:55Z" duration-ms="40" status="PASS">
          <reporter-output>
          </reporter-output>
        </test-method> <!-- homePage_Title_Validation_Test -->
      </class> <!-- com.Guru.TestCases.TC_HomePageTest_002 -->
    </test> <!-- Test Page Object Model -->
  </suite> <!-- Suite -->
</testng-results>
